=== Iniciando contenedor NestJS ===
Fecha: Tue Mar  3 21:01:29 UTC 2026
Cargando entrypoint base (SSH, usuario, sudo)...
Entrypoint base ejecutado
Cargando entrypoint PostgreSQL...
ADVERTENCIA: start.sh de PostgreSQL no encontrado
Cargando entrypoint Nginx...
Entrypoint Nginx ejecutado
Cambiando directorio al proyecto NestJS...
Directorio cambiado a: /root/admin/node/proyectos/nestpostgresql
Instalando dependencias NestJS...
ERROR: Falló npm run build
=== Iniciando contenedor NestJS ===
Fecha: Tue Mar  3 21:06:14 UTC 2026
Cargando entrypoint base (SSH, usuario, sudo)...
Entrypoint base ejecutado
Cargando entrypoint PostgreSQL...
ADVERTENCIA: start.sh de PostgreSQL no encontrado
Cargando entrypoint Nginx...
Entrypoint Nginx ejecutado
Cambiando directorio al proyecto NestJS...
Directorio cambiado a: /root/admin/node/proyectos/nestpostgresql
Instalando dependencias NestJS...
ERROR: Falló npm run build
=== Iniciando contenedor NestJS ===
Fecha: Tue Mar  3 21:10:33 UTC 2026
Cargando entrypoint base (SSH, usuario, sudo)...
Entrypoint base ejecutado
Cargando entrypoint PostgreSQL...
ADVERTENCIA: start.sh de PostgreSQL no encontrado
Cargando entrypoint Nginx...
Entrypoint Nginx ejecutado
Cambiando directorio al proyecto NestJS...
Directorio cambiado a: /root/admin/node/proyectos/nestpostgresql
Instalando dependencias NestJS...
Limpiando instalaciones previas...
Proyecto NestJS construido
ADVERTENCIA: Directorio public no encontrado
Arrancando NestJS en segundo plano...
Configurando Nginx...
Nginx arrancando en primer plano...
=== Iniciando contenedor NestJS ===
Fecha: Tue Mar  3 21:38:52 UTC 2026
Cargando entrypoint base (SSH, usuario, sudo)...
Entrypoint base ejecutado
Cargando entrypoint PostgreSQL...
ADVERTENCIA: start.sh de PostgreSQL no encontrado
Cargando entrypoint Nginx...
Entrypoint Nginx ejecutado
Cambiando directorio al proyecto NestJS...
Directorio cambiado a: /root/admin/node/proyectos/nestpostgresql
Instalando dependencias NestJS...
Limpiando instalaciones previas...
Proyecto NestJS construido
ADVERTENCIA: Directorio public no encontrado
Arrancando NestJS en segundo plano...
Configurando Nginx...
Nginx arrancando en primer plano...
=== Iniciando contenedor NestJS ===
Fecha: Tue Mar  3 21:43:27 UTC 2026
Cargando entrypoint base (SSH, usuario, sudo)...
Entrypoint base ejecutado
Cargando entrypoint PostgreSQL...
ADVERTENCIA: start.sh de PostgreSQL no encontrado
Cargando entrypoint Nginx...
Entrypoint Nginx ejecutado
Cambiando directorio al proyecto NestJS...
Directorio cambiado a: /root/admin/node/proyectos/nestpostgresql
Instalando dependencias NestJS...
Limpiando instalaciones previas...
Proyecto NestJS construido
ADVERTENCIA: Directorio public no encontrado
Arrancando NestJS en segundo plano...
Configurando Nginx...
Nginx arrancando en primer plano...
