=== Iniciando capa PostgreSQL (v18) ===
Fecha: Tue Mar  3 08:15:34 UTC 2026
Usuario: postgres | BD: nest | Puerto: 5432
Ejecutando entrypoint seguridad...
Entrypoint seguridad ejecutado
Inicializando cluster PostgreSQL (v18)...
Cluster inicializado
Configurando acceso remoto...
Acceso remoto configurado
Arrancando PostgreSQL temporalmente para configuración...
Contraseña del usuario 'postgres' configurada
Base de datos 'nest' creada/verificada
Privilegios otorgados a 'postgres' sobre 'nest'
Configuración de usuario y BD completada
Arrancando PostgreSQL en primer plano...
=== Iniciando capa PostgreSQL (v18) ===
Fecha: Tue Mar  3 21:29:12 UTC 2026
Usuario: postgres | BD: nest | Puerto: 5432
Ejecutando entrypoint seguridad...
Entrypoint seguridad ejecutado
Inicializando cluster PostgreSQL (v18)...
Cluster inicializado
Configurando acceso remoto...
Acceso remoto configurado
Arrancando PostgreSQL temporalmente para configuración...
Contraseña del usuario 'postgres' configurada
Base de datos 'nest' creada/verificada
Privilegios otorgados a 'postgres' sobre 'nest'
Configuración de usuario y BD completada
Arrancando PostgreSQL en primer plano...
=== Iniciando capa PostgreSQL (v18) ===
Fecha: Tue Mar  3 21:37:32 UTC 2026
Usuario: postgres | BD: nest | Puerto: 5432
Ejecutando entrypoint seguridad...
Entrypoint seguridad ejecutado
Inicializando cluster PostgreSQL (v18)...
Cluster inicializado
Configurando acceso remoto...
Acceso remoto configurado
Arrancando PostgreSQL temporalmente para configuración...
Contraseña del usuario 'postgres' configurada
Base de datos 'nest' creada/verificada
Privilegios otorgados a 'postgres' sobre 'nest'
Configuración de usuario y BD completada
Arrancando PostgreSQL en primer plano...
