Entrypoint nginx cargado
Configurando next
Accediendo al directorio de trabajo
Instalando dependencias
Entrypoint nginx cargado
Configurando next
Accediendo al directorio de trabajo
Instalando dependencias
Iniciando next
Entrypoint nginx cargado
Configurando next
Accediendo al directorio de trabajo
Instalando dependencias
Iniciando next
Entrypoint nginx cargado
Configurando next
Accediendo al directorio de trabajo
Instalando dependencias
Entrypoint nginx cargado
Configurando next
Accediendo al directorio de trabajo
Instalando dependencias
Entrypoint nginx cargado
Configurando next
Accediendo al directorio de trabajo
Instalando dependencias
Entrypoint nginx cargado
Configurando next
Accediendo al directorio de trabajo
Instalando dependencias
Entrypoint nginx cargado
Configurando next
Accediendo al directorio de trabajo
Instalando dependencias
Entrypoint nginx cargado
Configurando next
Accediendo al directorio de trabajo
Instalando dependencias
Entrypoint nginx cargado
Configurando next y Nginx...
Accediendo al directorio de trabajo
Instalando dependencias
Next.js compilado estáticamente
Archivos estáticos movidos a /var/www/html
Nginx iniciado en puerto 3001
Entrypoint nginx cargado
Configurando next y Nginx...
Accediendo al directorio de trabajo
Instalando dependencias
Next.js compilado estáticamente
Archivos estáticos movidos a /var/www/html
Nginx iniciado en puerto 3001
Entrypoint nginx cargado
Configurando next y Nginx...
Accediendo al directorio de trabajo
Instalando dependencias
Next.js compilado estáticamente
Archivos estáticos movidos a /var/www/html
Nginx iniciado en puerto 3001
Entrypoint nginx cargado
Configurando next y Nginx...
Accediendo al directorio de trabajo
Instalando dependencias
Next.js compilado
Servidor de Next.js iniciado en puerto 3000 (en segundo plano)
Página de error copiada a /var/www/html
Nginx iniciado en puerto 3001 (Proxy)
Entrypoint nginx cargado
Configurando next y Nginx...
Accediendo al directorio de trabajo
Instalando dependencias
Servidor de Next.js iniciado en puerto 3000 (en segundo plano)
Entrypoint nginx cargado
Configurando next y Nginx...
Accediendo al directorio de trabajo
Instalando dependencias
Servidor de Next.js iniciado en puerto 3000 (en segundo plano)
Entrypoint nginx cargado
Configurando next y Nginx...
Accediendo al directorio de trabajo
Instalando dependencias
Servidor de Next.js iniciado en puerto 3000 (en segundo plano)
Entrypoint nginx cargado
Configurando next y Nginx...
Accediendo al directorio de trabajo
Instalando dependencias
Entrypoint nginx cargado
Configurando next y Nginx...
Accediendo al directorio de trabajo
Instalando dependencias
Entrypoint nginx cargado
Configurando next
Accediendo al directorio de trabajo
Instalando dependencias
Servidor de Next.js iniciado en puerto 3001
Entrypoint nginx cargado
Configurando dependencias en node_next
Dependencias de Node instaladas
Entrypoint nginx cargado
Configurando dependencias en node_next
Dependencias de Node instaladas
