Cargando entrypoint Nginx...
Entrypoint Nginx ejecutado
Ejecutando entrypoint seguridad...
Entrypoint seguridad ejecutado
Cambiando directorio al proyecto NestJS...
Directorio cambiado a: /root/admin/node/proyectos/nestpostgresql
Instalando dependencias NestJS...
Dependencias instaladas
Compilando proyecto NestJS...
Arrancando NestJS en modo producción...
Cargando entrypoint Nginx...
Entrypoint Nginx ejecutado
Ejecutando entrypoint seguridad...
Entrypoint seguridad ejecutado
Cambiando directorio al proyecto NestJS...
Directorio cambiado a: /root/admin/node/proyectos/nestpostgresql
Instalando dependencias NestJS...
Dependencias instaladas
Compilando proyecto NestJS...
Arrancando NestJS en modo producción...
Cargando entrypoint Nginx...
Entrypoint Nginx ejecutado
Ejecutando entrypoint seguridad...
Entrypoint seguridad ejecutado
Cambiando directorio al proyecto NestJS...
Directorio cambiado a: /root/admin/node/proyectos/nestpostgresql
Instalando dependencias NestJS...
Dependencias instaladas
Compilando proyecto NestJS...
Arrancando NestJS en modo producción...
Cargando entrypoint Nginx...
Entrypoint Nginx ejecutado
Ejecutando entrypoint seguridad...
Entrypoint seguridad ejecutado
Cambiando directorio al proyecto NestJS...
Directorio cambiado a: /root/admin/node/proyectos/nestpostgresql
Instalando dependencias NestJS...
Dependencias instaladas
Compilando proyecto NestJS...
Arrancando NestJS en modo producción...
Cargando entrypoint Nginx...
Entrypoint Nginx ejecutado
Ejecutando entrypoint seguridad...
Entrypoint seguridad ejecutado
Cambiando directorio al proyecto NestJS...
Directorio cambiado a: /root/admin/node/proyectos/nestpostgresql
Limpiando instalaciones previas...
Instalando dependencias desde cero...
Compilando proyecto NestJS...
Proyecto compilado exitosamente
Arrancando NestJS...
Cargando entrypoint Nginx...
Entrypoint Nginx ejecutado
Ejecutando entrypoint seguridad...
Entrypoint seguridad ejecutado
Cambiando directorio al proyecto NestJS...
Directorio cambiado a: /root/admin/node/proyectos/nestpostgresql
Limpiando instalaciones previas...
Instalando dependencias desde cero...
Compilando proyecto NestJS...
Proyecto compilado exitosamente
Arrancando NestJS...
Cargando entrypoint Nginx...
Entrypoint Nginx ejecutado
Ejecutando entrypoint seguridad...
Entrypoint seguridad ejecutado
Cambiando directorio al proyecto NestJS...
Directorio cambiado a: /root/admin/node/proyectos/nestpostgresql
Limpiando instalaciones previas...
Instalando dependencias desde cero...
Compilando proyecto NestJS...
Proyecto compilado exitosamente
Arrancando NestJS...
